<?xml version="1.0" encoding="UTF-8"?>
<testsuite xmlns:xsi="http://www.w3.org/2001/XMLSchema-instance" xsi:noNamespaceSchemaLocation="https://maven.apache.org/surefire/maven-surefire-plugin/xsd/surefire-test-report-3.0.xsd" version="3.0" name="tqs.BookSearchTest" time="0.176" tests="1" errors="0" skipped="0" failures="0">
  <properties>
[...]
</properties>
  <testcase name="Search books by publication year" classname="Book search" time="0.091">
    <system-out><![CDATA[
Scenario: Search books by publication year                                                                    &amp#27;[90m# tqs/search_book.feature:4&amp#27;[0m
  &amp#27;[32mGiven &amp#27;[0m&amp#27;[32ma book with the title &amp#27;[0m&amp#27;[32m&amp#27;[1m'One good book'&amp#27;[0m&amp#27;[32m, written by &amp#27;[0m&amp#27;[32m&amp#27;[1m'Anonymous'&amp#27;[0m&amp#27;[32m, published in &amp#27;[0m&amp#27;[32m&amp#27;[1m2013-03-14&amp#27;[0m                &amp#27;[90m# tqs.BookSearchSteps.addNewBook(java.lang.String,java.lang.String,java.time.LocalDateTime)&amp#27;[0m
  &amp#27;[32mAnd &amp#27;[0m&amp#27;[32manother book with the title &amp#27;[0m&amp#27;[32m&amp#27;[1m'Some other book'&amp#27;[0m&amp#27;[32m, written by &amp#27;[0m&amp#27;[32m&amp#27;[1m'Tim Tomson'&amp#27;[0m&amp#27;[32m, published in &amp#27;[0m&amp#27;[32m&amp#27;[1m2014-08-23&amp#27;[0m         &amp#27;[90m# tqs.BookSearchSteps.addAnotherBook(java.lang.String,java.lang.String,java.time.LocalDateTime)&amp#27;[0m
  &amp#27;[32mAnd &amp#27;[0m&amp#27;[32manother book with the title &amp#27;[0m&amp#27;[32m&amp#27;[1m'How to cook a dino'&amp#27;[0m&amp#27;[32m, written by &amp#27;[0m&amp#27;[32m&amp#27;[1m'Fred Flintstone'&amp#27;[0m&amp#27;[32m, published in &amp#27;[0m&amp#27;[32m&amp#27;[1m2012-01-01&amp#27;[0m &amp#27;[90m# tqs.BookSearchSteps.addAnotherBook(java.lang.String,java.lang.String,java.time.LocalDateTime)&amp#27;[0m
  &amp#27;[32mWhen &amp#27;[0m&amp#27;[32mthe customer searches for books published between &amp#27;[0m&amp#27;[32m&amp#27;[1m2013-01-01&amp#27;[0m&amp#27;[32m and &amp#27;[0m&amp#27;[32m&amp#27;[1m2014-12-31&amp#27;[0m                            &amp#27;[90m# tqs.BookSearchSteps.setSearchParameters(java.time.LocalDateTime,java.time.LocalDateTime)&amp#27;[0m
  &amp#27;[32mThen &amp#27;[0m&amp#27;[32m&amp#27;[0m&amp#27;[32m&amp#27;[1m2&amp#27;[0m&amp#27;[32m books should have been found&amp#27;[0m                                                                         &amp#27;[90m# tqs.BookSearchSteps.verifyAmountOfBooksFound(int)&amp#27;[0m
  &amp#27;[32mAnd &amp#27;[0m&amp#27;[32mBook &amp#27;[0m&amp#27;[32m&amp#27;[1m1&amp#27;[0m&amp#27;[32m should have the title &amp#27;[0m&amp#27;[32m&amp#27;[1m'Some other book'&amp#27;[0m                                                          &amp#27;[90m# tqs.BookSearchSteps.verifyBookAtPosition(int,java.lang.String)&amp#27;[0m
  &amp#27;[32mAnd &amp#27;[0m&amp#27;[32mBook &amp#27;[0m&amp#27;[32m&amp#27;[1m2&amp#27;[0m&amp#27;[32m should have the title &amp#27;[0m&amp#27;[32m&amp#27;[1m'One good book'&amp#27;[0m                                                            &amp#27;[90m# tqs.BookSearchSteps.verifyBookAtPosition(int,java.lang.String)&amp#27;[0m
]]></system-out>
  </testcase>
</testsuite>