<?xml version="1.0" encoding="UTF-8"?>
<testsuite xmlns:xsi="http://www.w3.org/2001/XMLSchema-instance" xsi:noNamespaceSchemaLocation="https://maven.apache.org/surefire/maven-surefire-plugin/xsd/surefire-test-report-3.0.xsd" version="3.0" name="tqs.CucumberTest" time="0.24" tests="6" errors="0" skipped="0" failures="0">
  <properties>
[...]
</properties>
  <testcase name="Addition" classname="Basic Arithmetic" time="0.13">
    <system-out><![CDATA[19:37:10.901 [main] DEBUG tqs.CalculatorSteps -- Adding 4 and 5
19:37:10.905 [main] DEBUG tqs.CalculatorSteps -- Result: 9.0 (expected 9.0)
]]></system-out>
  </testcase>
  <testcase name="Substraction" classname="Basic Arithmetic" time="0.006">
    <system-out><![CDATA[19:37:10.915 [main] DEBUG tqs.CalculatorSteps -- Substracting 7 and 2
19:37:10.916 [main] DEBUG tqs.CalculatorSteps -- Result: 5.0 (expected 5.0)
]]></system-out>
  </testcase>
  <testcase name="multiply" classname="Basic Arithmetic" time="0.005">
    <system-out><![CDATA[19:37:10.921 [main] DEBUG tqs.CalculatorSteps -- Multiplying 3 and 4
19:37:10.921 [main] DEBUG tqs.CalculatorSteps -- Result: 12.0 (expected 12.0)
]]></system-out>
  </testcase>
  <testcase name="operator" classname="Basic Arithmetic" time="0.005">
    <system-out><![CDATA[19:37:10.926 [main] DEBUG tqs.CalculatorSteps -- Dividing 3 and 0
19:37:10.926 [main] DEBUG tqs.CalculatorSteps -- ERROR
]]></system-out>
  </testcase>
  <testcase name="Example #1.1" classname="Single digits" time="0.005">
    <system-out><![CDATA[19:37:10.932 [main] DEBUG tqs.CalculatorSteps -- Adding 1 and 2
19:37:10.932 [main] DEBUG tqs.CalculatorSteps -- Result: 3.0 (expected 3.0)
]]></system-out>
  </testcase>
  <testcase name="Example #1.2" classname="Single digits" time="0.004">
    <system-out><![CDATA[19:37:10.936 [main] DEBUG tqs.CalculatorSteps -- Adding 3 and 7
19:37:10.937 [main] DEBUG tqs.CalculatorSteps -- Result: 10.0 (expected 10.0)
]]></system-out>
  </testcase>
</testsuite>