<?xml version="1.0" encoding="UTF-8"?>
<testsuite xmlns:xsi="http://www.w3.org/2001/XMLSchema-instance" xsi:noNamespaceSchemaLocation="https://maven.apache.org/surefire/maven-surefire-plugin/xsd/surefire-test-report-3.0.xsd" version="3.0" name="tqs.TestRunner" time="1.518" tests="1" errors="1" skipped="0" failures="0">
  <properties>
[...]
</properties>
  <testcase name="Booking a flight from Mexico City to Cairo" classname="BlazeDemo" time="1.425">
    <error message="session not created: This version of ChromeDriver only supports Chrome version 114&#10;Current browser version is 119.0.6045.199 with binary path /usr/bin/google-chrome&#10;Build info: version: &apos;3.141.59&apos;, revision: &apos;e82be7d358&apos;, time: &apos;2018-11-14T08:17:03&apos;&#10;System info: host: &apos;rodrigograc4&apos;, ip: &apos;127.0.1.1&apos;, os.name: &apos;Linux&apos;, os.arch: &apos;amd64&apos;, os.version: &apos;6.5.0-25-generic&apos;, java.version: &apos;17.0.10&apos;&#10;Driver info: driver.version: ChromeDriver&#10;remote stacktrace: #0 0x60d5d27c84e3 &lt;unknown&gt;&#10;#1 0x60d5d24f7c76 &lt;unknown&gt;&#10;#2 0x60d5d252504a &lt;unknown&gt;&#10;#3 0x60d5d25204a1 &lt;unknown&gt;&#10;#4 0x60d5d251d029 &lt;unknown&gt;&#10;#5 0x60d5d255bccc &lt;unknown&gt;&#10;#6 0x60d5d255b47f &lt;unknown&gt;&#10;#7 0x60d5d2552de3 &lt;unknown&gt;&#10;#8 0x60d5d25282dd &lt;unknown&gt;&#10;#9 0x60d5d252934e &lt;unknown&gt;&#10;#10 0x60d5d27883e4 &lt;unknown&gt;&#10;#11 0x60d5d278c3d7 &lt;unknown&gt;&#10;#12 0x60d5d2796b20 &lt;unknown&gt;&#10;#13 0x60d5d278d023 &lt;unknown&gt;&#10;#14 0x60d5d275b1aa &lt;unknown&gt;&#10;#15 0x60d5d27b16b8 &lt;unknown&gt;&#10;#16 0x60d5d27b1847 &lt;unknown&gt;&#10;#17 0x60d5d27c1243 &lt;unknown&gt;&#10;#18 0x733de3e97b5a &lt;unknown&gt;&#10;" type="org.openqa.selenium.SessionNotCreatedException"><![CDATA[org.openqa.selenium.SessionNotCreatedException: 
session not created: This version of ChromeDriver only supports Chrome version 114
Current browser version is 119.0.6045.199 with binary path /usr/bin/google-chrome
Build info: version: '3.141.59', revision: 'e82be7d358', time: '2018-11-14T08:17:03'
System info: host: 'rodrigograc4', ip: '127.0.1.1', os.name: 'Linux', os.arch: 'amd64', os.version: '6.5.0-25-generic', java.version: '17.0.10'
Driver info: driver.version: ChromeDriver
remote stacktrace: #0 0x60d5d27c84e3 <unknown>
#1 0x60d5d24f7c76 <unknown>
#2 0x60d5d252504a <unknown>
#3 0x60d5d25204a1 <unknown>
#4 0x60d5d251d029 <unknown>
#5 0x60d5d255bccc <unknown>
#6 0x60d5d255b47f <unknown>
#7 0x60d5d2552de3 <unknown>
#8 0x60d5d25282dd <unknown>
#9 0x60d5d252934e <unknown>
#10 0x60d5d27883e4 <unknown>
#11 0x60d5d278c3d7 <unknown>
#12 0x60d5d2796b20 <unknown>
#13 0x60d5d278d023 <unknown>
#14 0x60d5d275b1aa <unknown>
#15 0x60d5d27b16b8 <unknown>
#16 0x60d5d27b1847 <unknown>
#17 0x60d5d27c1243 <unknown>
#18 0x733de3e97b5a <unknown>

	at java.base/java.lang.reflect.Constructor.newInstanceWithCaller(Constructor.java:499)
	at java.base/java.lang.reflect.Constructor.newInstance(Constructor.java:480)
	at org.openqa.selenium.remote.W3CHandshakeResponse.lambda$errorHandler$0(W3CHandshakeResponse.java:62)
	at org.openqa.selenium.remote.HandshakeResponse.lambda$getResponseFunction$0(HandshakeResponse.java:30)
	at org.openqa.selenium.remote.ProtocolHandshake.lambda$createSession$0(ProtocolHandshake.java:126)
	at java.base/java.util.stream.ReferencePipeline$3$1.accept(ReferencePipeline.java:197)
	at java.base/java.util.Spliterators$ArraySpliterator.tryAdvance(Spliterators.java:1002)
	at java.base/java.util.stream.ReferencePipeline.forEachWithCancel(ReferencePipeline.java:129)
	at java.base/java.util.stream.AbstractPipeline.copyIntoWithCancel(AbstractPipeline.java:527)
	at java.base/java.util.stream.AbstractPipeline.copyInto(AbstractPipeline.java:513)
	at java.base/java.util.stream.AbstractPipeline.wrapAndCopyInto(AbstractPipeline.java:499)
	at java.base/java.util.stream.FindOps$FindOp.evaluateSequential(FindOps.java:150)
	at java.base/java.util.stream.AbstractPipeline.evaluate(AbstractPipeline.java:234)
	at java.base/java.util.stream.ReferencePipeline.findFirst(ReferencePipeline.java:647)
	at org.openqa.selenium.remote.ProtocolHandshake.createSession(ProtocolHandshake.java:128)
	at org.openqa.selenium.remote.ProtocolHandshake.createSession(ProtocolHandshake.java:74)
	at org.openqa.selenium.remote.HttpCommandExecutor.execute(HttpCommandExecutor.java:136)
	at org.openqa.selenium.remote.service.DriverCommandExecutor.execute(DriverCommandExecutor.java:83)
	at org.openqa.selenium.remote.RemoteWebDriver.execute(RemoteWebDriver.java:552)
	at org.openqa.selenium.remote.RemoteWebDriver.startSession(RemoteWebDriver.java:213)
	at org.openqa.selenium.remote.RemoteWebDriver.<init>(RemoteWebDriver.java:131)
	at org.openqa.selenium.chrome.ChromeDriver.<init>(ChromeDriver.java:181)
	at org.openqa.selenium.chrome.ChromeDriver.<init>(ChromeDriver.java:168)
	at org.openqa.selenium.chrome.ChromeDriver.<init>(ChromeDriver.java:157)
	at tqs.FlightSteps.goToUrl(FlightSteps.java:29)
	at ✽.I am at 'https://blazedemo.com'(classpath:tqs/blaze-demo.feature:4)
]]></error>
    <system-out><![CDATA[
Scenario: Booking a flight from Mexico City to Cairo                           &amp#27;[90m# tqs/blaze-demo.feature:3&amp#27;[0m
19:52:51.800 [main] DEBUG io.github.bonigarcia.wdm.cache.ResolutionCache -- Resolution chrome=119 in cache (valid until 20:39:59 28/03/2024 WET)
19:52:51.804 [main] DEBUG io.github.bonigarcia.wdm.cache.ResolutionCache -- Resolution chrome119=114.0.5735.90 in cache (valid until 19:39:59 29/03/2024 WET)
19:52:51.804 [main] INFO io.github.bonigarcia.wdm.WebDriverManager -- Using chromedriver 114.0.5735.90 (resolved driver for Chrome 119)
19:52:51.816 [main] DEBUG io.github.bonigarcia.wdm.WebDriverManager -- Driver chromedriver 114.0.5735.90 found in cache
19:52:51.817 [main] INFO io.github.bonigarcia.wdm.WebDriverManager -- Exporting webdriver.chrome.driver as /home/rodrigograc4/.cache/selenium/chromedriver/linux64/114.0.5735.90/chromedriver
  &amp#27;[31mGiven &amp#27;[0m&amp#27;[31mI am at &amp#27;[0m&amp#27;[31m&amp#27;[1m'https://blazedemo.com'&amp#27;[0m                                        &amp#27;[90m# tqs.FlightSteps.goToUrl(java.lang.String)&amp#27;[0m
      &amp#27;[31morg.openqa.selenium.SessionNotCreatedException: session not created: This version of ChromeDriver only supports Chrome version 114
Current browser version is 119.0.6045.199 with binary path /usr/bin/google-chrome
Build info: version: '3.141.59', revision: 'e82be7d358', time: '2018-11-14T08:17:03'
System info: host: 'rodrigograc4', ip: '127.0.1.1', os.name: 'Linux', os.arch: 'amd64', os.version: '6.5.0-25-generic', java.version: '17.0.10'
Driver info: driver.version: ChromeDriver
remote stacktrace: #0 0x60d5d27c84e3 <unknown>
#1 0x60d5d24f7c76 <unknown>
#2 0x60d5d252504a <unknown>
#3 0x60d5d25204a1 <unknown>
#4 0x60d5d251d029 <unknown>
#5 0x60d5d255bccc <unknown>
#6 0x60d5d255b47f <unknown>
#7 0x60d5d2552de3 <unknown>
#8 0x60d5d25282dd <unknown>
#9 0x60d5d252934e <unknown>
#10 0x60d5d27883e4 <unknown>
#11 0x60d5d278c3d7 <unknown>
#12 0x60d5d2796b20 <unknown>
#13 0x60d5d278d023 <unknown>
#14 0x60d5d275b1aa <unknown>
#15 0x60d5d27b16b8 <unknown>
#16 0x60d5d27b1847 <unknown>
#17 0x60d5d27c1243 <unknown>
#18 0x733de3e97b5a <unknown>

	at java.base/jdk.internal.reflect.NativeConstructorAccessorImpl.newInstance0(Native Method)
	at java.base/jdk.internal.reflect.NativeConstructorAccessorImpl.newInstance(NativeConstructorAccessorImpl.java:77)
	at java.base/jdk.internal.reflect.DelegatingConstructorAccessorImpl.newInstance(DelegatingConstructorAccessorImpl.java:45)
	at java.base/java.lang.reflect.Constructor.newInstanceWithCaller(Constructor.java:499)
	at java.base/java.lang.reflect.Constructor.newInstance(Constructor.java:480)
	at org.openqa.selenium.remote.W3CHandshakeResponse.lambda$errorHandler$0(W3CHandshakeResponse.java:62)
	at org.openqa.selenium.remote.HandshakeResponse.lambda$getResponseFunction$0(HandshakeResponse.java:30)
	at org.openqa.selenium.remote.ProtocolHandshake.lambda$createSession$0(ProtocolHandshake.java:126)
	at java.base/java.util.stream.ReferencePipeline$3$1.accept(ReferencePipeline.java:197)
	at java.base/java.util.Spliterators$ArraySpliterator.tryAdvance(Spliterators.java:1002)
	at java.base/java.util.stream.ReferencePipeline.forEachWithCancel(ReferencePipeline.java:129)
	at java.base/java.util.stream.AbstractPipeline.copyIntoWithCancel(AbstractPipeline.java:527)
	at java.base/java.util.stream.AbstractPipeline.copyInto(AbstractPipeline.java:513)
	at java.base/java.util.stream.AbstractPipeline.wrapAndCopyInto(AbstractPipeline.java:499)
	at java.base/java.util.stream.FindOps$FindOp.evaluateSequential(FindOps.java:150)
	at java.base/java.util.stream.AbstractPipeline.evaluate(AbstractPipeline.java:234)
	at java.base/java.util.stream.ReferencePipeline.findFirst(ReferencePipeline.java:647)
	at org.openqa.selenium.remote.ProtocolHandshake.createSession(ProtocolHandshake.java:128)
	at org.openqa.selenium.remote.ProtocolHandshake.createSession(ProtocolHandshake.java:74)
	at org.openqa.selenium.remote.HttpCommandExecutor.execute(HttpCommandExecutor.java:136)
	at org.openqa.selenium.remote.service.DriverCommandExecutor.execute(DriverCommandExecutor.java:83)
	at org.openqa.selenium.remote.RemoteWebDriver.execute(RemoteWebDriver.java:552)
	at org.openqa.selenium.remote.RemoteWebDriver.startSession(RemoteWebDriver.java:213)
	at org.openqa.selenium.remote.RemoteWebDriver.<init>(RemoteWebDriver.java:131)
	at org.openqa.selenium.chrome.ChromeDriver.<init>(ChromeDriver.java:181)
	at org.openqa.selenium.chrome.ChromeDriver.<init>(ChromeDriver.java:168)
	at org.openqa.selenium.chrome.ChromeDriver.<init>(ChromeDriver.java:157)
	at tqs.FlightSteps.goToUrl(FlightSteps.java:29)
	at ✽.I am at 'https://blazedemo.com'(classpath:tqs/blaze-demo.feature:4)
&amp#27;[0m
  &amp#27;[36mAnd &amp#27;[0m&amp#27;[36mI choose my departure city &amp#27;[0m&amp#27;[36m&amp#27;[1m'Mexico City'&amp#27;[0m&amp#27;[36m and my destination city &amp#27;[0m&amp#27;[36m&amp#27;[1m'Cairo'&amp#27;[0m &amp#27;[90m# tqs.FlightSteps.chooseCities(java.lang.String,java.lang.String)&amp#27;[0m
  &amp#27;[36mAnd &amp#27;[0m&amp#27;[36mI click Find Flights button&amp#27;[0m                                              &amp#27;[90m# tqs.FlightSteps.findFlights()&amp#27;[0m
  &amp#27;[36mAnd &amp#27;[0m&amp#27;[36mPage should say &amp#27;[0m&amp#27;[36m&amp#27;[1m'Flights from Mexico City to Cairo'&amp#27;[0m                      &amp#27;[90m# tqs.FlightSteps.pageSays(java.lang.String)&amp#27;[0m
  &amp#27;[36mAnd &amp#27;[0m&amp#27;[36mI choose a flight and click the button&amp#27;[0m                                   &amp#27;[90m# tqs.FlightSteps.chooseFlight()&amp#27;[0m
  &amp#27;[36mAnd &amp#27;[0m&amp#27;[36mI fill in my name as &amp#27;[0m&amp#27;[36m&amp#27;[1m'Manco'&amp#27;[0m                                             &amp#27;[90m# tqs.FlightSteps.fillName(java.lang.String)&amp#27;[0m
  &amp#27;[36mAnd &amp#27;[0m&amp#27;[36mI fill in my city as &amp#27;[0m&amp#27;[36m&amp#27;[1m'Candieira City'&amp#27;[0m                                    &amp#27;[90m# tqs.FlightSteps.fillCity(java.lang.String)&amp#27;[0m
  &amp#27;[36mAnd &amp#27;[0m&amp#27;[36mI click Purchase Flight button&amp#27;[0m                                           &amp#27;[90m# tqs.FlightSteps.purchaseFlight()&amp#27;[0m
  &amp#27;[36mThen &amp#27;[0m&amp#27;[36mPage title should be &amp#27;[0m&amp#27;[36m&amp#27;[1m'BlazeDemo Confirmation'&amp#27;[0m                           &amp#27;[90m# tqs.FlightSteps.assertTitle(java.lang.String)&amp#27;[0m
]]></system-out>
    <system-err><![CDATA[Starting ChromeDriver 114.0.5735.90 (386bc09e8f4f2e025eddae123f36f6263096ae49-refs/branch-heads/5735@{#1052}) on port 14962
Only local connections are allowed.
Please see https://chromedriver.chromium.org/security-considerations for suggestions on keeping ChromeDriver safe.
ChromeDriver was started successfully.
]]></system-err>
  </testcase>
</testsuite>